[browser] Encountered two children with the same key, `https://panik.schoolsite.am/wp-content/uploads/sites/1323/2023/04/Հայտարարություն-1.pdf`. Keys should be unique so that components maintain their identity across updates. Non-unique keys may cause children to be duplicated and/or omitted — the behavior is unsupported and could change in a future version. 
    at <unknown> (file://C:/Users/User/Desktop/Panik School Website/.next/dev/static/chunks/node_modules_next_dist_compiled_react-dom_058-ah~._.js:4104:33)
    at runWithFiberInDEV (file://C:/Users/User/Desktop/Panik School Website/.next/dev/static/chunks/node_modules_next_dist_compiled_react-dom_058-ah~._.js:965:74)
    at warnOnInvalidKey (file://C:/Users/User/Desktop/Panik School Website/.next/dev/static/chunks/node_modules_next_dist_compiled_react-dom_058-ah~._.js:4103:21)
    at reconcileChildrenArray (file://C:/Users/User/Desktop/Panik School Website/.next/dev/static/chunks/node_modules_next_dist_compiled_react-dom_058-ah~._.js:4129:160)
    at reconcileChildFibersImpl (file://C:/Users/User/Desktop/Panik School Website/.next/dev/static/chunks/node_modules_next_dist_compiled_react-dom_058-ah~._.js:4236:51)
    at <unknown> (file://C:/Users/User/Desktop/Panik School Website/.next/dev/static/chunks/node_modules_next_dist_compiled_react-dom_058-ah~._.js:4261:39)
    at reconcileChildren (file://C:/Users/User/Desktop/Panik School Website/.next/dev/static/chunks/node_modules_next_dist_compiled_react-dom_058-ah~._.js:5898:51)
    at beginWork (file://C:/Users/User/Desktop/Panik School Website/.next/dev/static/chunks/node_modules_next_dist_compiled_react-dom_058-ah~._.js:6758:1573)
    at runWithFiberInDEV (file://C:/Users/User/Desktop/Panik School Website/.next/dev/static/chunks/node_modules_next_dist_compiled_react-dom_058-ah~._.js:965:74)
    at performUnitOfWork (file://C:/Users/User/Desktop/Panik School Website/.next/dev/static/chunks/node_modules_next_dist_compiled_react-dom_058-ah~._.js:9555:97)
    at workLoopConcurrentByScheduler (file://C:/Users/User/Desktop/Panik School Website/.next/dev/static/chunks/node_modules_next_dist_compiled_react-dom_058-ah~._.js:9551:58)
    at renderRootConcurrent (file://C:/Users/User/Desktop/Panik School Website/.next/dev/static/chunks/node_modules_next_dist_compiled_react-dom_058-ah~._.js:9534:71)
    at performWorkOnRoot (file://C:/Users/User/Desktop/Panik School Website/.next/dev/static/chunks/node_modules_next_dist_compiled_react-dom_058-ah~._.js:9061:150)
    at performWorkOnRootViaSchedulerTask (file://C:/Users/User/Desktop/Panik School Website/.next/dev/static/chunks/node_modules_next_dist_compiled_react-dom_058-ah~._.js:10255:9)
    at MessagePort.performWorkUntilDeadline (file://C:/Users/User/Desktop/Panik School Website/.next/dev/static/chunks/node_modules_next_dist_compiled_0rpq4pf._.js:2647:64) (file://C:/Users/User/Desktop/Panik School Website/.next/dev/static/chunks/node_modules_next_dist_compiled_react-dom_058-ah~._.js:4104:33)
[browser] Detected `scroll-behavior: smooth` on the `<html>` element. To disable smooth scrolling during route transitions, add `data-scroll-behavior="smooth"` to your <html> element. Learn more: https://nextjs.org/docs/messages/missing-data-scroll-behavior (file://C:/Users/User/Desktop/Panik School Website/.next/dev/static/chunks/node_modules_next_dist_115brz8._.js:2431:13)
[browser] Encountered two children with the same key, `https://panik.schoolsite.am/wp-content/uploads/sites/1323/2023/04/Հայտարարություն-1.pdf`. Keys should be unique so that components maintain their identity across updates. Non-unique keys may cause children to be duplicated and/or omitted — the behavior is unsupported and could change in a future version. 
    at <unknown> (file://C:/Users/User/Desktop/Panik School Website/.next/dev/static/chunks/node_modules_next_dist_compiled_react-dom_058-ah~._.js:4104:33)
    at runWithFiberInDEV (file://C:/Users/User/Desktop/Panik School Website/.next/dev/static/chunks/node_modules_next_dist_compiled_react-dom_058-ah~._.js:965:74)
    at warnOnInvalidKey (file://C:/Users/User/Desktop/Panik School Website/.next/dev/static/chunks/node_modules_next_dist_compiled_react-dom_058-ah~._.js:4103:21)
    at reconcileChildrenArray (file://C:/Users/User/Desktop/Panik School Website/.next/dev/static/chunks/node_modules_next_dist_compiled_react-dom_058-ah~._.js:4129:160)
    at reconcileChildFibersImpl (file://C:/Users/User/Desktop/Panik School Website/.next/dev/static/chunks/node_modules_next_dist_compiled_react-dom_058-ah~._.js:4236:51)
    at <unknown> (file://C:/Users/User/Desktop/Panik School Website/.next/dev/static/chunks/node_modules_next_dist_compiled_react-dom_058-ah~._.js:4261:39)
    at reconcileChildren (file://C:/Users/User/Desktop/Panik School Website/.next/dev/static/chunks/node_modules_next_dist_compiled_react-dom_058-ah~._.js:5898:51)
    at beginWork (file://C:/Users/User/Desktop/Panik School Website/.next/dev/static/chunks/node_modules_next_dist_compiled_react-dom_058-ah~._.js:6758:1573)
    at runWithFiberInDEV (file://C:/Users/User/Desktop/Panik School Website/.next/dev/static/chunks/node_modules_next_dist_compiled_react-dom_058-ah~._.js:965:74)
    at performUnitOfWork (file://C:/Users/User/Desktop/Panik School Website/.next/dev/static/chunks/node_modules_next_dist_compiled_react-dom_058-ah~._.js:9555:97)
    at workLoopConcurrentByScheduler (file://C:/Users/User/Desktop/Panik School Website/.next/dev/static/chunks/node_modules_next_dist_compiled_react-dom_058-ah~._.js:9551:58)
    at renderRootConcurrent (file://C:/Users/User/Desktop/Panik School Website/.next/dev/static/chunks/node_modules_next_dist_compiled_react-dom_058-ah~._.js:9534:71)
    at performWorkOnRoot (file://C:/Users/User/Desktop/Panik School Website/.next/dev/static/chunks/node_modules_next_dist_compiled_react-dom_058-ah~._.js:9061:150)
    at performWorkOnRootViaSchedulerTask (file://C:/Users/User/Desktop/Panik School Website/.next/dev/static/chunks/node_modules_next_dist_compiled_react-dom_058-ah~._.js:10255:9)
    at MessagePort.performWorkUntilDeadline (file://C:/Users/User/Desktop/Panik School Website/.next/dev/static/chunks/node_modules_next_dist_compiled_0rpq4pf._.js:2647:64) (file://C:/Users/User/Desktop/Panik School Website/.next/dev/static/chunks/node_modules_next_dist_compiled_react-dom_058-ah~._.js:4104:33)
[browser] Encountered two children with the same key, `https://panik.schoolsite.am/wp-content/uploads/sites/1323/2023/10/3-րդ-եռամսյակ-1.pdf`. Keys should be unique so that components maintain their identity across updates. Non-unique keys may cause children to be duplicated and/or omitted — the behavior is unsupported and could change in a future version. 
    at <unknown> (file://C:/Users/User/Desktop/Panik School Website/.next/dev/static/chunks/node_modules_next_dist_compiled_react-dom_058-ah~._.js:4104:33)
    at runWithFiberInDEV (file://C:/Users/User/Desktop/Panik School Website/.next/dev/static/chunks/node_modules_next_dist_compiled_react-dom_058-ah~._.js:965:74)
    at warnOnInvalidKey (file://C:/Users/User/Desktop/Panik School Website/.next/dev/static/chunks/node_modules_next_dist_compiled_react-dom_058-ah~._.js:4103:21)
    at reconcileChildrenArray (file://C:/Users/User/Desktop/Panik School Website/.next/dev/static/chunks/node_modules_next_dist_compiled_react-dom_058-ah~._.js:4129:160)
    at reconcileChildFibersImpl (file://C:/Users/User/Desktop/Panik School Website/.next/dev/static/chunks/node_modules_next_dist_compiled_react-dom_058-ah~._.js:4236:51)
    at <unknown> (file://C:/Users/User/Desktop/Panik School Website/.next/dev/static/chunks/node_modules_next_dist_compiled_react-dom_058-ah~._.js:4261:39)
    at reconcileChildren (file://C:/Users/User/Desktop/Panik School Website/.next/dev/static/chunks/node_modules_next_dist_compiled_react-dom_058-ah~._.js:5898:51)
    at beginWork (file://C:/Users/User/Desktop/Panik School Website/.next/dev/static/chunks/node_modules_next_dist_compiled_react-dom_058-ah~._.js:6758:1573)
    at runWithFiberInDEV (file://C:/Users/User/Desktop/Panik School Website/.next/dev/static/chunks/node_modules_next_dist_compiled_react-dom_058-ah~._.js:965:74)
    at performUnitOfWork (file://C:/Users/User/Desktop/Panik School Website/.next/dev/static/chunks/node_modules_next_dist_compiled_react-dom_058-ah~._.js:9555:97)
    at workLoopConcurrentByScheduler (file://C:/Users/User/Desktop/Panik School Website/.next/dev/static/chunks/node_modules_next_dist_compiled_react-dom_058-ah~._.js:9551:58)
    at renderRootConcurrent (file://C:/Users/User/Desktop/Panik School Website/.next/dev/static/chunks/node_modules_next_dist_compiled_react-dom_058-ah~._.js:9534:71)
    at performWorkOnRoot (file://C:/Users/User/Desktop/Panik School Website/.next/dev/static/chunks/node_modules_next_dist_compiled_react-dom_058-ah~._.js:9061:150)
    at performWorkOnRootViaSchedulerTask (file://C:/Users/User/Desktop/Panik School Website/.next/dev/static/chunks/node_modules_next_dist_compiled_react-dom_058-ah~._.js:10255:9)
    at MessagePort.performWorkUntilDeadline (file://C:/Users/User/Desktop/Panik School Website/.next/dev/static/chunks/node_modules_next_dist_compiled_0rpq4pf._.js:2647:64) (file://C:/Users/User/Desktop/Panik School Website/.next/dev/static/chunks/node_modules_next_dist_compiled_react-dom_058-ah~._.js:4104:33)
[browser] Encountered two children with the same key, `https://panik.schoolsite.am/wp-content/uploads/sites/1323/2026/03/2023-Ձև-4.pdf`. Keys should be unique so that components maintain their identity across updates. Non-unique keys may cause children to be duplicated and/or omitted — the behavior is unsupported and could change in a future version. 
    at <unknown> (file://C:/Users/User/Desktop/Panik School Website/.next/dev/static/chunks/node_modules_next_dist_compiled_react-dom_058-ah~._.js:4104:33)
    at runWithFiberInDEV (file://C:/Users/User/Desktop/Panik School Website/.next/dev/static/chunks/node_modules_next_dist_compiled_react-dom_058-ah~._.js:965:74)
    at warnOnInvalidKey (file://C:/Users/User/Desktop/Panik School Website/.next/dev/static/chunks/node_modules_next_dist_compiled_react-dom_058-ah~._.js:4103:21)
    at warnOnInvalidKey (file://C:/Users/User/Desktop/Panik School Website/.next/dev/static/chunks/node_modules_next_dist_compiled_react-dom_058-ah~._.js:4108:49)
    at reconcileChildrenArray (file://C:/Users/User/Desktop/Panik School Website/.next/dev/static/chunks/node_modules_next_dist_compiled_react-dom_058-ah~._.js:4129:160)
    at reconcileChildFibersImpl (file://C:/Users/User/Desktop/Panik School Website/.next/dev/static/chunks/node_modules_next_dist_compiled_react-dom_058-ah~._.js:4236:51)
    at <unknown> (file://C:/Users/User/Desktop/Panik School Website/.next/dev/static/chunks/node_modules_next_dist_compiled_react-dom_058-ah~._.js:4261:39)
    at reconcileChildren (file://C:/Users/User/Desktop/Panik School Website/.next/dev/static/chunks/node_modules_next_dist_compiled_react-dom_058-ah~._.js:5898:51)
    at beginWork (file://C:/Users/User/Desktop/Panik School Website/.next/dev/static/chunks/node_modules_next_dist_compiled_react-dom_058-ah~._.js:6758:1573)
    at runWithFiberInDEV (file://C:/Users/User/Desktop/Panik School Website/.next/dev/static/chunks/node_modules_next_dist_compiled_react-dom_058-ah~._.js:965:74)
    at performUnitOfWork (file://C:/Users/User/Desktop/Panik School Website/.next/dev/static/chunks/node_modules_next_dist_compiled_react-dom_058-ah~._.js:9555:97)
    at workLoopConcurrentByScheduler (file://C:/Users/User/Desktop/Panik School Website/.next/dev/static/chunks/node_modules_next_dist_compiled_react-dom_058-ah~._.js:9551:58)
    at renderRootConcurrent (file://C:/Users/User/Desktop/Panik School Website/.next/dev/static/chunks/node_modules_next_dist_compiled_react-dom_058-ah~._.js:9534:71)
    at performWorkOnRoot (file://C:/Users/User/Desktop/Panik School Website/.next/dev/static/chunks/node_modules_next_dist_compiled_react-dom_058-ah~._.js:9061:150)
    at performWorkOnRootViaSchedulerTask (file://C:/Users/User/Desktop/Panik School Website/.next/dev/static/chunks/node_modules_next_dist_compiled_react-dom_058-ah~._.js:10255:9)
    at MessagePort.performWorkUntilDeadline (file://C:/Users/User/Desktop/Panik School Website/.next/dev/static/chunks/node_modules_next_dist_compiled_0rpq4pf._.js:2647:64) (file://C:/Users/User/Desktop/Panik School Website/.next/dev/static/chunks/node_modules_next_dist_compiled_react-dom_058-ah~._.js:4104:33)
[browser] Encountered two children with the same key, `https://panik.schoolsite.am/wp-content/uploads/sites/1323/2026/03/2024-Ձև-1.pdf`. Keys should be unique so that components maintain their identity across updates. Non-unique keys may cause children to be duplicated and/or omitted — the behavior is unsupported and could change in a future version. 
    at <unknown> (file://C:/Users/User/Desktop/Panik School Website/.next/dev/static/chunks/node_modules_next_dist_compiled_react-dom_058-ah~._.js:4104:33)
    at runWithFiberInDEV (file://C:/Users/User/Desktop/Panik School Website/.next/dev/static/chunks/node_modules_next_dist_compiled_react-dom_058-ah~._.js:965:74)
    at warnOnInvalidKey (file://C:/Users/User/Desktop/Panik School Website/.next/dev/static/chunks/node_modules_next_dist_compiled_react-dom_058-ah~._.js:4103:21)
    at warnOnInvalidKey (file://C:/Users/User/Desktop/Panik School Website/.next/dev/static/chunks/node_modules_next_dist_compiled_react-dom_058-ah~._.js:4108:49)
    at reconcileChildrenArray (file://C:/Users/User/Desktop/Panik School Website/.next/dev/static/chunks/node_modules_next_dist_compiled_react-dom_058-ah~._.js:4129:160)
    at reconcileChildFibersImpl (file://C:/Users/User/Desktop/Panik School Website/.next/dev/static/chunks/node_modules_next_dist_compiled_react-dom_058-ah~._.js:4236:51)
    at <unknown> (file://C:/Users/User/Desktop/Panik School Website/.next/dev/static/chunks/node_modules_next_dist_compiled_react-dom_058-ah~._.js:4261:39)
    at reconcileChildren (file://C:/Users/User/Desktop/Panik School Website/.next/dev/static/chunks/node_modules_next_dist_compiled_react-dom_058-ah~._.js:5898:51)
    at beginWork (file://C:/Users/User/Desktop/Panik School Website/.next/dev/static/chunks/node_modules_next_dist_compiled_react-dom_058-ah~._.js:6758:1573)
    at runWithFiberInDEV (file://C:/Users/User/Desktop/Panik School Website/.next/dev/static/chunks/node_modules_next_dist_compiled_react-dom_058-ah~._.js:965:74)
    at performUnitOfWork (file://C:/Users/User/Desktop/Panik School Website/.next/dev/static/chunks/node_modules_next_dist_compiled_react-dom_058-ah~._.js:9555:97)
    at workLoopConcurrentByScheduler (file://C:/Users/User/Desktop/Panik School Website/.next/dev/static/chunks/node_modules_next_dist_compiled_react-dom_058-ah~._.js:9551:58)
    at renderRootConcurrent (file://C:/Users/User/Desktop/Panik School Website/.next/dev/static/chunks/node_modules_next_dist_compiled_react-dom_058-ah~._.js:9534:71)
    at performWorkOnRoot (file://C:/Users/User/Desktop/Panik School Website/.next/dev/static/chunks/node_modules_next_dist_compiled_react-dom_058-ah~._.js:9061:150)
    at performWorkOnRootViaSchedulerTask (file://C:/Users/User/Desktop/Panik School Website/.next/dev/static/chunks/node_modules_next_dist_compiled_react-dom_058-ah~._.js:10255:9)
    at MessagePort.performWorkUntilDeadline (file://C:/Users/User/Desktop/Panik School Website/.next/dev/static/chunks/node_modules_next_dist_compiled_0rpq4pf._.js:2647:64) (file://C:/Users/User/Desktop/Panik School Website/.next/dev/static/chunks/node_modules_next_dist_compiled_react-dom_058-ah~._.js:4104:33)
[browser] Encountered two children with the same key, `https://panik.schoolsite.am/wp-content/uploads/sites/1323/2026/03/2024-Ձև-2.pdf`. Keys should be unique so that components maintain their identity across updates. Non-unique keys may cause children to be duplicated and/or omitted — the behavior is unsupported and could change in a future version. 
    at <unknown> (file://C:/Users/User/Desktop/Panik School Website/.next/dev/static/chunks/node_modules_next_dist_compiled_react-dom_058-ah~._.js:4104:33)
    at runWithFiberInDEV (file://C:/Users/User/Desktop/Panik School Website/.next/dev/static/chunks/node_modules_next_dist_compiled_react-dom_058-ah~._.js:965:74)
    at warnOnInvalidKey (file://C:/Users/User/Desktop/Panik School Website/.next/dev/static/chunks/node_modules_next_dist_compiled_react-dom_058-ah~._.js:4103:21)
    at warnOnInvalidKey (file://C:/Users/User/Desktop/Panik School Website/.next/dev/static/chunks/node_modules_next_dist_compiled_react-dom_058-ah~._.js:4108:49)
    at reconcileChildrenArray (file://C:/Users/User/Desktop/Panik School Website/.next/dev/static/chunks/node_modules_next_dist_compiled_react-dom_058-ah~._.js:4129:160)
    at reconcileChildFibersImpl (file://C:/Users/User/Desktop/Panik School Website/.next/dev/static/chunks/node_modules_next_dist_compiled_react-dom_058-ah~._.js:4236:51)
    at <unknown> (file://C:/Users/User/Desktop/Panik School Website/.next/dev/static/chunks/node_modules_next_dist_compiled_react-dom_058-ah~._.js:4261:39)
    at reconcileChildren (file://C:/Users/User/Desktop/Panik School Website/.next/dev/static/chunks/node_modules_next_dist_compiled_react-dom_058-ah~._.js:5898:51)
    at beginWork (file://C:/Users/User/Desktop/Panik School Website/.next/dev/static/chunks/node_modules_next_dist_compiled_react-dom_058-ah~._.js:6758:1573)
    at runWithFiberInDEV (file://C:/Users/User/Desktop/Panik School Website/.next/dev/static/chunks/node_modules_next_dist_compiled_react-dom_058-ah~._.js:965:74)
    at performUnitOfWork (file://C:/Users/User/Desktop/Panik School Website/.next/dev/static/chunks/node_modules_next_dist_compiled_react-dom_058-ah~._.js:9555:97)
    at workLoopConcurrentByScheduler (file://C:/Users/User/Desktop/Panik School Website/.next/dev/static/chunks/node_modules_next_dist_compiled_react-dom_058-ah~._.js:9551:58)
    at renderRootConcurrent (file://C:/Users/User/Desktop/Panik School Website/.next/dev/static/chunks/node_modules_next_dist_compiled_react-dom_058-ah~._.js:9534:71)
    at performWorkOnRoot (file://C:/Users/User/Desktop/Panik School Website/.next/dev/static/chunks/node_modules_next_dist_compiled_react-dom_058-ah~._.js:9061:150)
    at performWorkOnRootViaSchedulerTask (file://C:/Users/User/Desktop/Panik School Website/.next/dev/static/chunks/node_modules_next_dist_compiled_react-dom_058-ah~._.js:10255:9)
    at MessagePort.performWorkUntilDeadline (file://C:/Users/User/Desktop/Panik School Website/.next/dev/static/chunks/node_modules_next_dist_compiled_0rpq4pf._.js:2647:64) (file://C:/Users/User/Desktop/Panik School Website/.next/dev/static/chunks/node_modules_next_dist_compiled_react-dom_058-ah~._.js:4104:33)
[browser] Encountered two children with the same key, `https://panik.schoolsite.am/wp-content/uploads/sites/1323/2026/03/2024-Ձև-3.pdf`. Keys should be unique so that components maintain their identity across updates. Non-unique keys may cause children to be duplicated and/or omitted — the behavior is unsupported and could change in a future version. 
    at <unknown> (file://C:/Users/User/Desktop/Panik School Website/.next/dev/static/chunks/node_modules_next_dist_compiled_react-dom_058-ah~._.js:4104:33)
    at runWithFiberInDEV (file://C:/Users/User/Desktop/Panik School Website/.next/dev/static/chunks/node_modules_next_dist_compiled_react-dom_058-ah~._.js:965:74)
    at warnOnInvalidKey (file://C:/Users/User/Desktop/Panik School Website/.next/dev/static/chunks/node_modules_next_dist_compiled_react-dom_058-ah~._.js:4103:21)
    at warnOnInvalidKey (file://C:/Users/User/Desktop/Panik School Website/.next/dev/static/chunks/node_modules_next_dist_compiled_react-dom_058-ah~._.js:4108:49)
    at reconcileChildrenArray (file://C:/Users/User/Desktop/Panik School Website/.next/dev/static/chunks/node_modules_next_dist_compiled_react-dom_058-ah~._.js:4129:160)
    at reconcileChildFibersImpl (file://C:/Users/User/Desktop/Panik School Website/.next/dev/static/chunks/node_modules_next_dist_compiled_react-dom_058-ah~._.js:4236:51)
    at <unknown> (file://C:/Users/User/Desktop/Panik School Website/.next/dev/static/chunks/node_modules_next_dist_compiled_react-dom_058-ah~._.js:4261:39)
    at reconcileChildren (file://C:/Users/User/Desktop/Panik School Website/.next/dev/static/chunks/node_modules_next_dist_compiled_react-dom_058-ah~._.js:5898:51)
    at beginWork (file://C:/Users/User/Desktop/Panik School Website/.next/dev/static/chunks/node_modules_next_dist_compiled_react-dom_058-ah~._.js:6758:1573)
    at runWithFiberInDEV (file://C:/Users/User/Desktop/Panik School Website/.next/dev/static/chunks/node_modules_next_dist_compiled_react-dom_058-ah~._.js:965:74)
    at performUnitOfWork (file://C:/Users/User/Desktop/Panik School Website/.next/dev/static/chunks/node_modules_next_dist_compiled_react-dom_058-ah~._.js:9555:97)
    at workLoopConcurrentByScheduler (file://C:/Users/User/Desktop/Panik School Website/.next/dev/static/chunks/node_modules_next_dist_compiled_react-dom_058-ah~._.js:9551:58)
    at renderRootConcurrent (file://C:/Users/User/Desktop/Panik School Website/.next/dev/static/chunks/node_modules_next_dist_compiled_react-dom_058-ah~._.js:9534:71)
    at performWorkOnRoot (file://C:/Users/User/Desktop/Panik School Website/.next/dev/static/chunks/node_modules_next_dist_compiled_react-dom_058-ah~._.js:9061:150)
    at performWorkOnRootViaSchedulerTask (file://C:/Users/User/Desktop/Panik School Website/.next/dev/static/chunks/node_modules_next_dist_compiled_react-dom_058-ah~._.js:10255:9)
    at MessagePort.performWorkUntilDeadline (file://C:/Users/User/Desktop/Panik School Website/.next/dev/static/chunks/node_modules_next_dist_compiled_0rpq4pf._.js:2647:64) (file://C:/Users/User/Desktop/Panik School Website/.next/dev/static/chunks/node_modules_next_dist_compiled_react-dom_058-ah~._.js:4104:33)
[browser] Encountered two children with the same key, `https://panik.schoolsite.am/wp-content/uploads/sites/1323/2023/04/Հայտարարություն-1.pdf`. Keys should be unique so that components maintain their identity across updates. Non-unique keys may cause children to be duplicated and/or omitted — the behavior is unsupported and could change in a future version. 
    at <unknown> (file://C:/Users/User/Desktop/Panik School Website/.next/dev/static/chunks/node_modules_next_dist_compiled_react-dom_058-ah~._.js:4104:33)
    at runWithFiberInDEV (file://C:/Users/User/Desktop/Panik School Website/.next/dev/static/chunks/node_modules_next_dist_compiled_react-dom_058-ah~._.js:965:74)
    at warnOnInvalidKey (file://C:/Users/User/Desktop/Panik School Website/.next/dev/static/chunks/node_modules_next_dist_compiled_react-dom_058-ah~._.js:4103:21)
    at reconcileChildrenArray (file://C:/Users/User/Desktop/Panik School Website/.next/dev/static/chunks/node_modules_next_dist_compiled_react-dom_058-ah~._.js:4129:160)
    at reconcileChildFibersImpl (file://C:/Users/User/Desktop/Panik School Website/.next/dev/static/chunks/node_modules_next_dist_compiled_react-dom_058-ah~._.js:4236:51)
    at <unknown> (file://C:/Users/User/Desktop/Panik School Website/.next/dev/static/chunks/node_modules_next_dist_compiled_react-dom_058-ah~._.js:4261:39)
    at reconcileChildren (file://C:/Users/User/Desktop/Panik School Website/.next/dev/static/chunks/node_modules_next_dist_compiled_react-dom_058-ah~._.js:5898:51)
    at beginWork (file://C:/Users/User/Desktop/Panik School Website/.next/dev/static/chunks/node_modules_next_dist_compiled_react-dom_058-ah~._.js:6758:1573)
    at runWithFiberInDEV (file://C:/Users/User/Desktop/Panik School Website/.next/dev/static/chunks/node_modules_next_dist_compiled_react-dom_058-ah~._.js:965:74)
    at performUnitOfWork (file://C:/Users/User/Desktop/Panik School Website/.next/dev/static/chunks/node_modules_next_dist_compiled_react-dom_058-ah~._.js:9555:97)
    at workLoopConcurrentByScheduler (file://C:/Users/User/Desktop/Panik School Website/.next/dev/static/chunks/node_modules_next_dist_compiled_react-dom_058-ah~._.js:9551:58)
    at renderRootConcurrent (file://C:/Users/User/Desktop/Panik School Website/.next/dev/static/chunks/node_modules_next_dist_compiled_react-dom_058-ah~._.js:9534:71)
    at performWorkOnRoot (file://C:/Users/User/Desktop/Panik School Website/.next/dev/static/chunks/node_modules_next_dist_compiled_react-dom_058-ah~._.js:9061:150)
    at performWorkOnRootViaSchedulerTask (file://C:/Users/User/Desktop/Panik School Website/.next/dev/static/chunks/node_modules_next_dist_compiled_react-dom_058-ah~._.js:10255:9)
    at MessagePort.performWorkUntilDeadline (file://C:/Users/User/Desktop/Panik School Website/.next/dev/static/chunks/node_modules_next_dist_compiled_0rpq4pf._.js:2647:64) (file://C:/Users/User/Desktop/Panik School Website/.next/dev/static/chunks/node_modules_next_dist_compiled_react-dom_058-ah~._.js:4104:33)
[browser] Encountered two children with the same key, `https://panik.schoolsite.am/wp-content/uploads/sites/1323/2023/04/Հայտարարություն-1.pdf`. Keys should be unique so that components maintain their identity across updates. Non-unique keys may cause children to be duplicated and/or omitted — the behavior is unsupported and could change in a future version. 
    at <unknown> (file://C:/Users/User/Desktop/Panik School Website/.next/dev/static/chunks/node_modules_next_dist_compiled_react-dom_058-ah~._.js:4104:33)
    at runWithFiberInDEV (file://C:/Users/User/Desktop/Panik School Website/.next/dev/static/chunks/node_modules_next_dist_compiled_react-dom_058-ah~._.js:965:74)
    at warnOnInvalidKey (file://C:/Users/User/Desktop/Panik School Website/.next/dev/static/chunks/node_modules_next_dist_compiled_react-dom_058-ah~._.js:4103:21)
    at reconcileChildrenArray (file://C:/Users/User/Desktop/Panik School Website/.next/dev/static/chunks/node_modules_next_dist_compiled_react-dom_058-ah~._.js:4129:160)
    at reconcileChildFibersImpl (file://C:/Users/User/Desktop/Panik School Website/.next/dev/static/chunks/node_modules_next_dist_compiled_react-dom_058-ah~._.js:4236:51)
    at <unknown> (file://C:/Users/User/Desktop/Panik School Website/.next/dev/static/chunks/node_modules_next_dist_compiled_react-dom_058-ah~._.js:4261:39)
    at reconcileChildren (file://C:/Users/User/Desktop/Panik School Website/.next/dev/static/chunks/node_modules_next_dist_compiled_react-dom_058-ah~._.js:5898:51)
    at beginWork (file://C:/Users/User/Desktop/Panik School Website/.next/dev/static/chunks/node_modules_next_dist_compiled_react-dom_058-ah~._.js:6758:1573)
    at runWithFiberInDEV (file://C:/Users/User/Desktop/Panik School Website/.next/dev/static/chunks/node_modules_next_dist_compiled_react-dom_058-ah~._.js:965:74)
    at performUnitOfWork (file://C:/Users/User/Desktop/Panik School Website/.next/dev/static/chunks/node_modules_next_dist_compiled_react-dom_058-ah~._.js:9555:97)
    at workLoopConcurrentByScheduler (file://C:/Users/User/Desktop/Panik School Website/.next/dev/static/chunks/node_modules_next_dist_compiled_react-dom_058-ah~._.js:9551:58)
    at renderRootConcurrent (file://C:/Users/User/Desktop/Panik School Website/.next/dev/static/chunks/node_modules_next_dist_compiled_react-dom_058-ah~._.js:9534:71)
    at performWorkOnRoot (file://C:/Users/User/Desktop/Panik School Website/.next/dev/static/chunks/node_modules_next_dist_compiled_react-dom_058-ah~._.js:9061:150)
    at performWorkOnRootViaSchedulerTask (file://C:/Users/User/Desktop/Panik School Website/.next/dev/static/chunks/node_modules_next_dist_compiled_react-dom_058-ah~._.js:10255:9)
    at MessagePort.performWorkUntilDeadline (file://C:/Users/User/Desktop/Panik School Website/.next/dev/static/chunks/node_modules_next_dist_compiled_0rpq4pf._.js:2647:64) (file://C:/Users/User/Desktop/Panik School Website/.next/dev/static/chunks/node_modules_next_dist_compiled_react-dom_058-ah~._.js:4104:33)
^C^C